<?xml version="1.0" encoding="UTF-8"?>
<coverage generated="1679442226427" clover="3.2.0">
  <project timestamp="1679442226427" name="All files">
    <metrics statements="31" coveredstatements="31" conditionals="5" coveredconditionals="5" methods="13" coveredmethods="13" elements="49" coveredelements="49" complexity="0" loc="31" ncloc="31" packages="2" files="4" classes="4"/>
    <package name="src">
      <metrics statements="20" coveredstatements="20" conditionals="5" coveredconditionals="5" methods="8" coveredmethods="8"/>
      <file name="Circle.ts" path="/Users/lucassouza/Documents/GitHub/Clean Code/src/Circle.ts">
        <metrics statements="3" coveredstatements="3" conditionals="0" coveredconditionals="0" methods="2" coveredmethods="2"/>
        <line num="1" count="1" type="stmt"/>
        <line num="3" count="1" type="stmt"/>
        <line num="7" count="1" type="stmt"/>
      </file>
      <file name="validator.ts" path="/Users/lucassouza/Documents/GitHub/Clean Code/src/validator.ts">
        <metrics statements="17" coveredstatements="17" conditionals="5" coveredconditionals="5" methods="6" coveredmethods="6"/>
        <line num="2" count="10" type="stmt"/>
        <line num="3" count="10" type="stmt"/>
        <line num="4" count="110" type="cond" truecount="1" falsecount="0"/>
        <line num="6" count="10" type="stmt"/>
        <line num="7" count="10" type="cond" truecount="2" falsecount="0"/>
        <line num="11" count="8" type="stmt"/>
        <line num="19" count="8" type="stmt"/>
        <line num="23" count="21" type="stmt"/>
        <line num="26" count="1" type="stmt"/>
        <line num="27" count="8" type="stmt"/>
        <line num="28" count="8" type="cond" truecount="1" falsecount="0"/>
        <line num="29" count="6" type="cond" truecount="1" falsecount="0"/>
        <line num="30" count="5" type="stmt"/>
        <line num="31" count="5" type="stmt"/>
        <line num="32" count="5" type="stmt"/>
        <line num="33" count="5" type="stmt"/>
        <line num="34" count="5" type="stmt"/>
      </file>
    </package>
    <package name="src.models">
      <metrics statements="11" coveredstatements="11" conditionals="0" coveredconditionals="0" methods="5" coveredmethods="5"/>
      <file name="Order.ts" path="/Users/lucassouza/Documents/GitHub/Clean Code/src/models/Order.ts">
        <metrics statements="7" coveredstatements="7" conditionals="0" coveredconditionals="0" methods="4" coveredmethods="4"/>
        <line num="3" count="1" type="stmt"/>
        <line num="6" count="1" type="stmt"/>
        <line num="10" count="3" type="stmt"/>
        <line num="14" count="1" type="stmt"/>
        <line num="15" count="1" type="stmt"/>
        <line num="16" count="3" type="stmt"/>
        <line num="18" count="1" type="stmt"/>
      </file>
      <file name="Product.ts" path="/Users/lucassouza/Documents/GitHub/Clean Code/src/models/Product.ts">
        <metrics statements="4" coveredstatements="4" conditionals="0" coveredconditionals="0" methods="1" coveredmethods="1"/>
        <line num="1" count="1" type="stmt"/>
        <line num="7" count="3" type="stmt"/>
        <line num="8" count="3" type="stmt"/>
        <line num="9" count="3" type="stmt"/>
      </file>
    </package>
  </project>
</coverage>
