{"/Users/lucassouza/Documents/GitHub/Clean Code/src/Circle.ts": {"path":"/Users/lucassouza/Documents/GitHub/Clean Code/src/Circle.ts","statementMap":{"0":{"start":{"line":3,"column":25},"end":{"line":3,"column":39}},"1":{"start":{"line":7,"column":8},"end":{"line":7,"column":41}},"2":{"start":{"line":1,"column":0},"end":{"line":1,"column":21}}},"fnMap":{"0":{"name":"(anonymous_0)","decl":{"start":{"line":3,"column":3},"end":{"line":3,"column":25}},"loc":{"start":{"line":3,"column":39},"end":{"line":4,"column":4}}},"1":{"name":"(anonymous_1)","decl":{"start":{"line":6,"column":4},"end":{"line":6,"column":11}},"loc":{"start":{"line":6,"column":11},"end":{"line":8,"column":5}}}},"branchMap":{},"s":{"0":1,"1":1,"2":1},"f":{"0":1,"1":1},"b":{}}
,"/Users/lucassouza/Documents/GitHub/Clean Code/src/validator.ts": {"path":"/Users/lucassouza/Documents/GitHub/Clean Code/src/validator.ts","statementMap":{"0":{"start":{"line":2,"column":14},"end":{"line":2,"column":15}},"1":{"start":{"line":3,"column":2},"end":{"line":5,"column":null}},"2":{"start":{"line":4,"column":4},"end":{"line":4,"column":56}},"3":{"start":{"line":4,"column":20},"end":{"line":4,"column":56}},"4":{"start":{"line":6,"column":15},"end":{"line":6,"column":25}},"5":{"start":{"line":7,"column":2},"end":{"line":7,"column":34}},"6":{"start":{"line":11,"column":2},"end":{"line":15,"column":22}},"7":{"start":{"line":19,"column":2},"end":{"line":19,"column":27}},"8":{"start":{"line":23,"column":2},"end":{"line":23,"column":50}},"9":{"start":{"line":23,"column":36},"end":{"line":23,"column":48}},"10":{"start":{"line":27,"column":2},"end":{"line":27,"column":19}},"11":{"start":{"line":28,"column":2},"end":{"line":28,"column":40}},"12":{"start":{"line":28,"column":27},"end":{"line":28,"column":40}},"13":{"start":{"line":29,"column":2},"end":{"line":29,"column":42}},"14":{"start":{"line":29,"column":29},"end":{"line":29,"column":42}},"15":{"start":{"line":30,"column":14},"end":{"line":30,"column":37}},"16":{"start":{"line":31,"column":14},"end":{"line":31,"column":37}},"17":{"start":{"line":32,"column":37},"end":{"line":32,"column":51}},"18":{"start":{"line":33,"column":36},"end":{"line":33,"column":77}},"19":{"start":{"line":34,"column":2},"end":{"line":34,"column":57}},"20":{"start":{"line":26,"column":0},"end":{"line":26,"column":16}}},"fnMap":{"0":{"name":"calculateDigit","decl":{"start":{"line":1,"column":9},"end":{"line":1,"column":23}},"loc":{"start":{"line":1,"column":51},"end":{"line":8,"column":1}}},"1":{"name":"clean","decl":{"start":{"line":10,"column":9},"end":{"line":10,"column":14}},"loc":{"start":{"line":10,"column":26},"end":{"line":16,"column":1}}},"2":{"name":"isValidLenght","decl":{"start":{"line":18,"column":9},"end":{"line":18,"column":22}},"loc":{"start":{"line":18,"column":34},"end":{"line":20,"column":1}}},"3":{"name":"allDigitsTheSame","decl":{"start":{"line":22,"column":9},"end":{"line":22,"column":25}},"loc":{"start":{"line":22,"column":37},"end":{"line":24,"column":1}}},"4":{"name":"(anonymous_4)","decl":{"start":{"line":23,"column":29},"end":{"line":23,"column":30}},"loc":{"start":{"line":23,"column":36},"end":{"line":23,"column":48}}},"5":{"name":"validate","decl":{"start":{"line":26,"column":16},"end":{"line":26,"column":24}},"loc":{"start":{"line":26,"column":36},"end":{"line":35,"column":1}}}},"branchMap":{"0":{"loc":{"start":{"line":4,"column":4},"end":{"line":4,"column":56}},"type":"if","locations":[{"start":{"line":4,"column":4},"end":{"line":4,"column":56}}]},"1":{"loc":{"start":{"line":7,"column":9},"end":{"line":7,"column":33}},"type":"cond-expr","locations":[{"start":{"line":7,"column":20},"end":{"line":7,"column":21}},{"start":{"line":7,"column":24},"end":{"line":7,"column":33}}]},"2":{"loc":{"start":{"line":28,"column":2},"end":{"line":28,"column":40}},"type":"if","locations":[{"start":{"line":28,"column":2},"end":{"line":28,"column":40}}]},"3":{"loc":{"start":{"line":29,"column":2},"end":{"line":29,"column":42}},"type":"if","locations":[{"start":{"line":29,"column":2},"end":{"line":29,"column":42}}]}},"s":{"0":10,"1":10,"2":110,"3":95,"4":10,"5":10,"6":8,"7":8,"8":6,"9":21,"10":8,"11":8,"12":2,"13":6,"14":1,"15":5,"16":5,"17":5,"18":5,"19":5,"20":1},"f":{"0":10,"1":8,"2":8,"3":6,"4":21,"5":8},"b":{"0":[95],"1":[4,6],"2":[2],"3":[1]}}
,"/Users/lucassouza/Documents/GitHub/Clean Code/src/models/Order.ts": {"path":"/Users/lucassouza/Documents/GitHub/Clean Code/src/models/Order.ts","statementMap":{"0":{"start":{"line":6,"column":4},"end":{"line":6,"column":23}},"1":{"start":{"line":10,"column":4},"end":{"line":10,"column":32}},"2":{"start":{"line":14,"column":16},"end":{"line":14,"column":17}},"3":{"start":{"line":15,"column":4},"end":{"line":17,"column":7}},"4":{"start":{"line":16,"column":6},"end":{"line":16,"column":55}},"5":{"start":{"line":18,"column":4},"end":{"line":18,"column":17}},"6":{"start":{"line":3,"column":0},"end":{"line":3,"column":21}}},"fnMap":{"0":{"name":"(anonymous_0)","decl":{"start":{"line":5,"column":2},"end":{"line":5,"column":null}},"loc":{"start":{"line":5,"column":2},"end":{"line":7,"column":3}}},"1":{"name":"(anonymous_1)","decl":{"start":{"line":9,"column":9},"end":{"line":9,"column":19}},"loc":{"start":{"line":9,"column":36},"end":{"line":11,"column":3}}},"2":{"name":"(anonymous_2)","decl":{"start":{"line":13,"column":9},"end":{"line":13,"column":17}},"loc":{"start":{"line":13,"column":17},"end":{"line":19,"column":3}}},"3":{"name":"(anonymous_3)","decl":{"start":{"line":15,"column":26},"end":{"line":15,"column":27}},"loc":{"start":{"line":15,"column":38},"end":{"line":17,"column":5}}}},"branchMap":{},"s":{"0":1,"1":3,"2":1,"3":1,"4":3,"5":1,"6":1},"f":{"0":1,"1":3,"2":1,"3":3},"b":{}}
,"/Users/lucassouza/Documents/GitHub/Clean Code/src/models/Product.ts": {"path":"/Users/lucassouza/Documents/GitHub/Clean Code/src/models/Product.ts","statementMap":{"0":{"start":{"line":7,"column":4},"end":{"line":7,"column":21}},"1":{"start":{"line":8,"column":4},"end":{"line":8,"column":29}},"2":{"start":{"line":9,"column":4},"end":{"line":9,"column":23}},"3":{"start":{"line":1,"column":0},"end":{"line":1,"column":21}}},"fnMap":{"0":{"name":"(anonymous_0)","decl":{"start":{"line":6,"column":2},"end":{"line":6,"column":14}},"loc":{"start":{"line":6,"column":59},"end":{"line":10,"column":3}}}},"branchMap":{},"s":{"0":3,"1":3,"2":3,"3":1},"f":{"0":3},"b":{}}
}
