TN:
SF:src/Circle.ts
FN:3,(anonymous_0)
FN:6,(anonymous_1)
FNF:2
FNH:2
FNDA:1,(anonymous_0)
FNDA:1,(anonymous_1)
DA:1,1
DA:3,1
DA:7,1
LF:3
LH:3
BRF:0
BRH:0
end_of_record
TN:
SF:src/validator.ts
FN:1,calculateDigit
FN:10,clean
FN:18,isValidLenght
FN:22,allDigitsTheSame
FN:23,(anonymous_4)
FN:26,validate
FNF:6
FNH:6
FNDA:10,calculateDigit
FNDA:8,clean
FNDA:8,isValidLenght
FNDA:6,allDigitsTheSame
FNDA:21,(anonymous_4)
FNDA:8,validate
DA:2,10
DA:3,10
DA:4,110
DA:6,10
DA:7,10
DA:11,8
DA:19,8
DA:23,21
DA:26,1
DA:27,8
DA:28,8
DA:29,6
DA:30,5
DA:31,5
DA:32,5
DA:33,5
DA:34,5
LF:17
LH:17
BRDA:4,0,0,95
BRDA:7,1,0,4
BRDA:7,1,1,6
BRDA:28,2,0,2
BRDA:29,3,0,1
BRF:5
BRH:5
end_of_record
TN:
SF:src/models/Order.ts
FN:5,(anonymous_0)
FN:9,(anonymous_1)
FN:13,(anonymous_2)
FN:15,(anonymous_3)
FNF:4
FNH:4
FNDA:1,(anonymous_0)
FNDA:3,(anonymous_1)
FNDA:1,(anonymous_2)
FNDA:3,(anonymous_3)
DA:3,1
DA:6,1
DA:10,3
DA:14,1
DA:15,1
DA:16,3
DA:18,1
LF:7
LH:7
BRF:0
BRH:0
end_of_record
TN:
SF:src/models/Product.ts
FN:6,(anonymous_0)
FNF:1
FNH:1
FNDA:3,(anonymous_0)
DA:1,1
DA:7,3
DA:8,3
DA:9,3
LF:4
LH:4
BRF:0
BRH:0
end_of_record
